{
  "stats": {
    "suites": 4,
    "tests": 5,
    "passes": 5,
    "pending": 0,
    "failures": 0,
    "start": "2024-10-25T14:47:24.873Z",
    "end": "2024-10-25T14:47:24.898Z",
    "duration": 25,
    "testsRegistered": 5,
    "passPercent": 100,
    "pendingPercent": 0,
    "other": 0,
    "hasOther": false,
    "skipped": 0,
    "hasSkipped": false
  },
  "results": [
    {
      "uuid": "2052eea0-e803-42a3-b57b-ecb4e6990457",
      "title": "",
      "fullFile": "",
      "file": "",
      "beforeHooks": [],
      "afterHooks": [],
      "tests": [],
      "suites": [
        {
          "uuid": "8fcafe67-51af-4a08-b4fa-14099f9112e7",
          "title": "factors",
          "fullFile": "C:\\Users\\danadumitru\\JS\\JS_exercises\\test\\session5\\factors.spec.js",
          "file": "\\test\\session5\\factors.spec.js",
          "beforeHooks": [],
          "afterHooks": [],
          "tests": [
            {
              "title": "homework1 : displays list of factors for a number",
              "fullTitle": "factors homework1 : displays list of factors for a number",
              "timedOut": false,
              "duration": 3,
              "state": "passed",
              "speed": "fast",
              "pass": true,
              "fail": false,
              "pending": false,
              "context": null,
              "code": "expect(factors(TEST_DATA.input)).deep.equals(TEST_DATA.expectedOutput);",
              "err": {},
              "uuid": "a53b8108-8fab-41a3-b790-fafd544c5756",
              "parentUUID": "8fcafe67-51af-4a08-b4fa-14099f9112e7",
              "isHook": false,
              "skipped": false
            }
          ],
          "suites": [],
          "passes": [
            "a53b8108-8fab-41a3-b790-fafd544c5756"
          ],
          "failures": [],
          "pending": [],
          "skipped": [],
          "duration": 3,
          "root": false,
          "rootEmpty": false,
          "_timeout": 2000
        },
        {
          "uuid": "d9d6ae4e-aa38-4bf7-b8e5-0ef61d3fe8ff",
          "title": "repetitionMap",
          "fullFile": "C:\\Users\\danadumitru\\JS\\JS_exercises\\test\\session5\\repetitionMap.spec.js",
          "file": "\\test\\session5\\repetitionMap.spec.js",
          "beforeHooks": [],
          "afterHooks": [],
          "tests": [
            {
              "title": "groups colors based on numbers",
              "fullTitle": "repetitionMap groups colors based on numbers",
              "timedOut": false,
              "duration": 1,
              "state": "passed",
              "speed": "fast",
              "pass": true,
              "fail": false,
              "pending": false,
              "context": null,
              "code": "expect(repetitionMap(TEST_DATA.input)).deep.equals(\n  TEST_DATA.expectedOutput\n);",
              "err": {},
              "uuid": "bf2ae071-dd2c-4bd8-b117-0fd4b8e4f0e5",
              "parentUUID": "d9d6ae4e-aa38-4bf7-b8e5-0ef61d3fe8ff",
              "isHook": false,
              "skipped": false
            },
            {
              "title": "also sorts object pairs based on the value",
              "fullTitle": "repetitionMap also sorts object pairs based on the value",
              "timedOut": false,
              "duration": 0,
              "state": "passed",
              "speed": "fast",
              "pass": true,
              "fail": false,
              "pending": false,
              "context": null,
              "code": "arrayInput = Object.entries(repetitionMap(TEST_DATA.input));\narrayOutput = Object.entries(TEST_DATA.expectedOutput);\nexpect(arrayInput).deep.equals(arrayOutput);",
              "err": {},
              "uuid": "c8d2ce8f-3340-4095-89ef-b935776d9049",
              "parentUUID": "d9d6ae4e-aa38-4bf7-b8e5-0ef61d3fe8ff",
              "isHook": false,
              "skipped": false
            }
          ],
          "suites": [],
          "passes": [
            "bf2ae071-dd2c-4bd8-b117-0fd4b8e4f0e5",
            "c8d2ce8f-3340-4095-89ef-b935776d9049"
          ],
          "failures": [],
          "pending": [],
          "skipped": [],
          "duration": 1,
          "root": false,
          "rootEmpty": false,
          "_timeout": 2000
        },
        {
          "uuid": "bed2d239-c178-4bc7-8953-487ecc9deee0",
          "title": "toBinary test",
          "fullFile": "C:\\Users\\danadumitru\\JS\\JS_exercises\\test\\session5\\toBinary.spec.js",
          "file": "\\test\\session5\\toBinary.spec.js",
          "beforeHooks": [],
          "afterHooks": [],
          "tests": [
            {
              "title": "homework3: converts decimal number to binary",
              "fullTitle": "toBinary test homework3: converts decimal number to binary",
              "timedOut": false,
              "duration": 0,
              "state": "passed",
              "speed": "fast",
              "pass": true,
              "fail": false,
              "pending": false,
              "context": null,
              "code": "expect(toBinary(TEST_DATA.input[0])).deep.equals(\n  TEST_DATA.expectedOutput[0]\n);\nexpect(toBinary(TEST_DATA.input[1])).deep.equals(\n  TEST_DATA.expectedOutput[1]\n);",
              "err": {},
              "uuid": "0b44274d-2a5d-4aae-8923-4df8755e4db1",
              "parentUUID": "bed2d239-c178-4bc7-8953-487ecc9deee0",
              "isHook": false,
              "skipped": false
            }
          ],
          "suites": [],
          "passes": [
            "0b44274d-2a5d-4aae-8923-4df8755e4db1"
          ],
          "failures": [],
          "pending": [],
          "skipped": [],
          "duration": 0,
          "root": false,
          "rootEmpty": false,
          "_timeout": 2000
        },
        {
          "uuid": "11bed5ce-3102-4ca3-87f1-0c388b602638",
          "title": "wordLengthInfo",
          "fullFile": "C:\\Users\\danadumitru\\JS\\JS_exercises\\test\\session5\\wordLengthInfo.spec.js",
          "file": "\\test\\session5\\wordLengthInfo.spec.js",
          "beforeHooks": [],
          "afterHooks": [],
          "tests": [
            {
              "title": "homework2: groups words in a text based on word length",
              "fullTitle": "wordLengthInfo homework2: groups words in a text based on word length",
              "timedOut": false,
              "duration": 1,
              "state": "passed",
              "speed": "fast",
              "pass": true,
              "fail": false,
              "pending": false,
              "context": null,
              "code": "expect(wordLengthInfo(getWordsInStr(TEST_DATA.input[0]))).deep.equals(\n  TEST_DATA.expectedOutput[0]\n);\nexpect(wordLengthInfo(getWordsInStr(TEST_DATA.input[1]))).deep.equals(\n  TEST_DATA.expectedOutput[1]\n);",
              "err": {},
              "uuid": "f7ab8fed-8de2-46b7-bc89-36e7bd4b1417",
              "parentUUID": "11bed5ce-3102-4ca3-87f1-0c388b602638",
              "isHook": false,
              "skipped": false
            }
          ],
          "suites": [],
          "passes": [
            "f7ab8fed-8de2-46b7-bc89-36e7bd4b1417"
          ],
          "failures": [],
          "pending": [],
          "skipped": [],
          "duration": 1,
          "root": false,
          "rootEmpty": false,
          "_timeout": 2000
        }
      ],
      "passes": [],
      "failures": [],
      "pending": [],
      "skipped": [],
      "duration": 0,
      "root": true,
      "rootEmpty": true,
      "_timeout": 2000
    }
  ],
  "meta": {
    "mocha": {
      "version": "10.7.3"
    },
    "mochawesome": {
      "options": {
        "quiet": false,
        "reportFilename": "mochawesome",
        "saveHtml": true,
        "saveJson": true,
        "consoleReporter": "spec",
        "useInlineDiffs": false,
        "code": true
      },
      "version": "7.1.3"
    },
    "marge": {
      "options": null,
      "version": "6.2.0"
    }
  }
}